Arguments: 
  D:\Program Files\nodejs\node.exe C:\Users\Administrator.WIN-UBO5RR3SADA\AppData\Roaming\npm\node_modules\yarn\bin\yarn.js install

PATH: 
  C:\ProgramData\Oracle\Java\javapath;C:\Program Files (x86)\Common Files\Oracle\Java\javapath;D:\Oracle\Client10g\bin;d:\Oracle\DB10g\bin;D:\Python27;D:\Python27\Scripts;D:\TDDOWNLOAD\Setup\Maven\apache-maven-3.0.5\bin;D:\mysql\mysql-5.6.24-win32\bin;C:\Windows\system32;C:\Windows;C:\Windows\System32\Wbem;C:\Windows\System32\WindowsPowerShell\v1.0\;D:\Program Files\TortoiseSVN\bin;D:\Program Files\Java\jdk1.6.0_43\bin;C:\ProgramData\chocolatey\bin;D:\Program Files\nodejs\;C:\Program Files\Git\cmd;C:\Users\Administrator.WIN-UBO5RR3SADA\Anaconda2;C:\Users\Administrator.WIN-UBO5RR3SADA\Anaconda2\Library\mingw-w64\bin;C:\Users\Administrator.WIN-UBO5RR3SADA\Anaconda2\Library\usr\bin;C:\Users\Administrator.WIN-UBO5RR3SADA\Anaconda2\Library\bin;C:\Users\Administrator.WIN-UBO5RR3SADA\Anaconda2\Scripts;d:\Program Files (x86)\SSH Communications Security\SSH Secure Shell;C:\Users\Administrator.WIN-UBO5RR3SADA\AppData\Roaming\npm;C:\Program Files\Microsoft VS Code\bin

Yarn version: 
  0.18.1

Node version: 
  6.11.0

Platform: 
  win32 x64

npm manifest: 
  {
    "private": true,
    "engines": {
      "node": ">=4"
    },
    "devDependencies": {
      "babel-core": "^6.4.0",
      "babel-preset-es2015": "^6.3.13",
      "babel-register": "^6.5.2",
      "browser-sync": "^2.2.1",
      "del": "^2.2.0",
      "gulp": "^3.9.0",
      "gulp-autoprefixer": "^3.0.1",
      "gulp-babel": "^6.1.1",
      "gulp-cache": "^0.4.2",
      "gulp-cssnano": "^2.0.0",
      "gulp-eslint": "^3.0.0",
      "gulp-filter": "^4.0.0",
      "gulp-htmlmin": "^3.0.0",
      "gulp-if": "^2.0.2",
      "gulp-imagemin": "^3.0.1",
      "gulp-load-plugins": "^1.2.4",
      "gulp-plumber": "^1.0.1",
      "gulp-sass": "^3.0.0",
      "gulp-size": "^2.1.0",
      "gulp-sourcemaps": "^2.2.0",
      "gulp-uglify": "^2.0.0",
      "gulp-useref": "^3.0.0",
      "main-bower-files": "^2.5.0",
      "run-sequence": "^1.2.2",
      "wiredep": "^4.0.0"
    },
    "eslintConfig": {
      "env": {
        "es6": true,
        "node": true,
        "browser": true
      },
      "rules": {
        "quotes": [
          2,
          "single"
        ]
      }
    }
  }

yarn manifest: 
  No manifest

Lockfile: 
  No lockfile

Trace: 
  Error: connect ETIMEDOUT 104.16.27.35:443
      at Object.exports._errnoException (util.js:1018:11)
      at exports._exceptionWithHostPort (util.js:1041:20)
      at TCPConnectWrap.afterConnect [as oncomplete] (net.js:1086:14)
